2026-02-08T16:00:00Z INFO System startup initiated
2026-02-08T16:00:05Z INFO Loading configuration from config.yml
2026-02-08T16:00:10Z DEBUG Initializing database connection pool
2026-02-08T16:00:15Z INFO Database connection established
2026-02-08T16:00:20Z INFO Starting HTTP server on :8080
2026-02-08T16:05:00Z INFO Request received: GET /api/health
2026-02-08T16:05:01Z DEBUG Query executed: SELECT 1
2026-02-08T16:05:02Z INFO Response sent: 200 OK
2026-02-08T16:10:00Z INFO Request received: POST /api/users
2026-02-08T16:10:05Z DEBUG Validating user payload
2026-02-08T16:10:10Z INFO User created: user_id=12345
2026-02-08T16:15:00Z WARN Memory usage high: 78%
2026-02-08T16:15:30Z INFO Garbage collection triggered
2026-02-08T16:20:00Z ERROR Database query failed: timeout
2026-02-08T16:20:05Z WARN Retrying failed query (attempt 1/3)
2026-02-08T16:20:10Z INFO Query retry successful
2026-02-08T16:25:00Z ERROR Authentication failed for user: unknown@example.com
2026-02-08T16:25:05Z WARN Multiple failed login attempts detected: IP=192.168.1.100
2026-02-08T16:30:00Z INFO Cache invalidated: users_cache
2026-02-08T16:35:00Z DEBUG Scheduled job started: daily_report
2026-02-08T16:35:30Z INFO Daily report generated successfully
2026-02-08T16:40:00Z INFO Request received: DELETE /api/sessions/old
2026-02-08T16:40:05Z INFO Deleted 456 old sessions
2026-02-08T16:45:00Z ERROR Disk space low: 5% remaining
2026-02-08T16:45:05Z WARN Need immediate cleanup or service may fail
